2022-05-10 11:56:36.074  INFO 1624 --- [main] o.s.b.w.embedded.tomcat.TomcatWebServer  : Tomcat initialized with port(s): 8080 (http)
2022-05-10 11:56:36.086  INFO 1624 --- [main] o.apache.catalina.core.StandardService   : Starting service [Tomcat]
2022-05-10 11:56:36.086  INFO 1624 --- [main] org.apache.catalina.core.StandardEngine  : Starting Servlet engine: [Apache Tomcat/9.0.62]
2022-05-10 11:56:36.164  INFO 1624 --- [main] o.a.c.c.C.[Tomcat].[localhost].[/]       : Initializing Spring embedded WebApplicationContext
2022-05-10 11:56:36.164  INFO 1624 --- [main] w.s.c.ServletWebServerApplicationContext : Root WebApplicationContext: initialization completed in 796 ms
2022-05-10 11:56:36.237  INFO 1624 --- [main] c.a.d.s.b.a.DruidDataSourceAutoConfigure : Init DruidDataSource
2022-05-10 11:56:36.335  INFO 1624 --- [main] com.alibaba.druid.pool.DruidDataSource   : {dataSource-1} inited
2022-05-10 11:56:36.767  WARN 1624 --- [main] ConfigServletWebServerApplicationContext : Exception encountered during context initialization - cancelling refresh attempt: org.springframework.beans.factory.BeanCreationException: Error creating bean with name 'cacheAutoConfigurationValidator' defined in class path resource [org/springframework/boot/autoconfigure/cache/CacheAutoConfiguration.class]: Invocation of init method failed; nested exception is java.lang.IllegalArgumentException: No cache manager could be auto-configured, check your configuration (caching type is 'EHCACHE')
2022-05-10 11:56:36.768  INFO 1624 --- [main] com.alibaba.druid.pool.DruidDataSource   : {dataSource-1} closing ...
2022-05-10 11:56:36.769  INFO 1624 --- [main] com.alibaba.druid.pool.DruidDataSource   : {dataSource-1} closed
2022-05-10 11:56:36.771  INFO 1624 --- [main] o.apache.catalina.core.StandardService   : Stopping service [Tomcat]
2022-05-10 11:56:36.783  INFO 1624 --- [main] ConditionEvaluationReportLoggingListener : 

Error starting ApplicationContext. To display the conditions report re-run your application with 'debug' enabled.
2022-05-10 11:56:36.798 ERROR 1624 --- [main] o.s.boot.SpringApplication               : Application run failed

org.springframework.beans.factory.BeanCreationException: Error creating bean with name 'cacheAutoConfigurationValidator' defined in class path resource [org/springframework/boot/autoconfigure/cache/CacheAutoConfiguration.class]: Invocation of init method failed; nested exception is java.lang.IllegalArgumentException: No cache manager could be auto-configured, check your configuration (caching type is 'EHCACHE')
	at org.springframework.beans.factory.support.AbstractAutowireCapableBeanFactory.initializeBean(AbstractAutowireCapableBeanFactory.java:1804) ~[spring-beans-5.3.19.jar:5.3.19]
	at org.springframework.beans.factory.support.AbstractAutowireCapableBeanFactory.doCreateBean(AbstractAutowireCapableBeanFactory.java:620) ~[spring-beans-5.3.19.jar:5.3.19]
	at org.springframework.beans.factory.support.AbstractAutowireCapableBeanFactory.createBean(AbstractAutowireCapableBeanFactory.java:542) ~[spring-beans-5.3.19.jar:5.3.19]
	at org.springframework.beans.factory.support.AbstractBeanFactory.lambda$doGetBean$0(AbstractBeanFactory.java:335) ~[spring-beans-5.3.19.jar:5.3.19]
	at org.springframework.beans.factory.support.DefaultSingletonBeanRegistry.getSingleton(DefaultSingletonBeanRegistry.java:234) ~[spring-beans-5.3.19.jar:5.3.19]
	at org.springframework.beans.factory.support.AbstractBeanFactory.doGetBean(AbstractBeanFactory.java:333) ~[spring-beans-5.3.19.jar:5.3.19]
	at org.springframework.beans.factory.support.AbstractBeanFactory.getBean(AbstractBeanFactory.java:208) ~[spring-beans-5.3.19.jar:5.3.19]
	at org.springframework.beans.factory.support.DefaultListableBeanFactory.preInstantiateSingletons(DefaultListableBeanFactory.java:953) ~[spring-beans-5.3.19.jar:5.3.19]
	at org.springframework.context.support.AbstractApplicationContext.finishBeanFactoryInitialization(AbstractApplicationContext.java:918) ~[spring-context-5.3.19.jar:5.3.19]
	at org.springframework.context.support.AbstractApplicationContext.refresh(AbstractApplicationContext.java:583) ~[spring-context-5.3.19.jar:5.3.19]
	at org.springframework.boot.web.servlet.context.ServletWebServerApplicationContext.refresh(ServletWebServerApplicationContext.java:145) ~[spring-boot-2.6.7.jar:2.6.7]
	at org.springframework.boot.SpringApplication.refresh(SpringApplication.java:740) ~[spring-boot-2.6.7.jar:2.6.7]
	at org.springframework.boot.SpringApplication.refreshContext(SpringApplication.java:415) ~[spring-boot-2.6.7.jar:2.6.7]
	at org.springframework.boot.SpringApplication.run(SpringApplication.java:303) ~[spring-boot-2.6.7.jar:2.6.7]
	at org.springframework.boot.SpringApplication.run(SpringApplication.java:1312) ~[spring-boot-2.6.7.jar:2.6.7]
	at org.springframework.boot.SpringApplication.run(SpringApplication.java:1301) ~[spring-boot-2.6.7.jar:2.6.7]
	at mao.spring_boot_ehcache.SpringBootEhcacheApplication.main(SpringBootEhcacheApplication.java:14) ~[classes/:na]
Caused by: java.lang.IllegalArgumentException: No cache manager could be auto-configured, check your configuration (caching type is 'EHCACHE')
	at org.springframework.util.Assert.notNull(Assert.java:219) ~[spring-core-5.3.19.jar:5.3.19]
	at org.springframework.boot.autoconfigure.cache.CacheAutoConfiguration$CacheManagerValidator.afterPropertiesSet(CacheAutoConfiguration.java:109) ~[spring-boot-autoconfigure-2.6.7.jar:2.6.7]
	at org.springframework.beans.factory.support.AbstractAutowireCapableBeanFactory.invokeInitMethods(AbstractAutowireCapableBeanFactory.java:1863) ~[spring-beans-5.3.19.jar:5.3.19]
	at org.springframework.beans.factory.support.AbstractAutowireCapableBeanFactory.initializeBean(AbstractAutowireCapableBeanFactory.java:1800) ~[spring-beans-5.3.19.jar:5.3.19]
	... 16 common frames omitted

2022-05-10 11:57:28.664  INFO 13632 --- [main] m.s.SpringBootEhcacheApplication         : Starting SpringBootEhcacheApplication using Java 16.0.2 on mao with PID 13632 (H:\程序\大三下期\spring_boot_ehcache\target\classes started by mao in H:\程序\大三下期\spring_boot_ehcache)
2022-05-10 11:57:28.666 DEBUG 13632 --- [main] m.s.SpringBootEhcacheApplication         : Running with Spring Boot v2.6.7, Spring v5.3.19
2022-05-10 11:57:28.666  INFO 13632 --- [main] m.s.SpringBootEhcacheApplication         : The following 1 profile is active: "dev"
2022-05-10 11:57:29.425  INFO 13632 --- [main] o.s.b.w.embedded.tomcat.TomcatWebServer  : Tomcat initialized with port(s): 8080 (http)
2022-05-10 11:57:29.432  INFO 13632 --- [main] o.apache.catalina.core.StandardService   : Starting service [Tomcat]
2022-05-10 11:57:29.432  INFO 13632 --- [main] org.apache.catalina.core.StandardEngine  : Starting Servlet engine: [Apache Tomcat/9.0.62]
2022-05-10 11:57:29.510  INFO 13632 --- [main] o.a.c.c.C.[Tomcat].[localhost].[/]       : Initializing Spring embedded WebApplicationContext
2022-05-10 11:57:29.510  INFO 13632 --- [main] w.s.c.ServletWebServerApplicationContext : Root WebApplicationContext: initialization completed in 808 ms
2022-05-10 11:57:29.581  INFO 13632 --- [main] c.a.d.s.b.a.DruidDataSourceAutoConfigure : Init DruidDataSource
2022-05-10 11:57:29.679  INFO 13632 --- [main] com.alibaba.druid.pool.DruidDataSource   : {dataSource-1} inited
2022-05-10 11:57:30.179  INFO 13632 --- [main] o.s.b.w.embedded.tomcat.TomcatWebServer  : Tomcat started on port(s): 8080 (http) with context path ''
2022-05-10 11:57:30.189  INFO 13632 --- [main] m.s.SpringBootEhcacheApplication         : Started SpringBootEhcacheApplication in 1.852 seconds (JVM running for 2.313)
2022-05-10 11:57:35.896  INFO 13632 --- [http-nio-8080-exec-1] o.a.c.c.C.[Tomcat].[localhost].[/]       : Initializing Spring DispatcherServlet 'dispatcherServlet'
2022-05-10 11:57:35.896  INFO 13632 --- [http-nio-8080-exec-1] o.s.web.servlet.DispatcherServlet        : Initializing Servlet 'dispatcherServlet'
2022-05-10 11:57:35.897  INFO 13632 --- [http-nio-8080-exec-1] o.s.web.servlet.DispatcherServlet        : Completed initialization in 1 ms
2022-05-10 11:57:36.157 DEBUG 13632 --- [http-nio-8080-exec-1] m.s.dao.BookDao.selectById               : ==>  Preparing: SELECT id,type,name,description FROM book WHERE id=?
2022-05-10 11:57:36.173 DEBUG 13632 --- [http-nio-8080-exec-1] m.s.dao.BookDao.selectById               : ==> Parameters: 1(Integer)
2022-05-10 11:57:36.188 DEBUG 13632 --- [http-nio-8080-exec-1] m.s.dao.BookDao.selectById               : <==      Total: 1
2022-05-10 11:57:57.467  INFO 13632 --- [SpringApplicationShutdownHook] com.alibaba.druid.pool.DruidDataSource   : {dataSource-1} closing ...
2022-05-10 11:57:57.471  INFO 13632 --- [SpringApplicationShutdownHook] com.alibaba.druid.pool.DruidDataSource   : {dataSource-1} closed
2022-05-10 11:58:01.308  INFO 17036 --- [main] m.s.SpringBootEhcacheApplication         : Starting SpringBootEhcacheApplication using Java 16.0.2 on mao with PID 17036 (H:\程序\大三下期\spring_boot_ehcache\target\classes started by mao in H:\程序\大三下期\spring_boot_ehcache)
2022-05-10 11:58:01.310 DEBUG 17036 --- [main] m.s.SpringBootEhcacheApplication         : Running with Spring Boot v2.6.7, Spring v5.3.19
2022-05-10 11:58:01.311  INFO 17036 --- [main] m.s.SpringBootEhcacheApplication         : The following 1 profile is active: "dev"
2022-05-10 11:58:02.081  INFO 17036 --- [main] o.s.b.w.embedded.tomcat.TomcatWebServer  : Tomcat initialized with port(s): 8080 (http)
2022-05-10 11:58:02.087  INFO 17036 --- [main] o.apache.catalina.core.StandardService   : Starting service [Tomcat]
2022-05-10 11:58:02.088  INFO 17036 --- [main] org.apache.catalina.core.StandardEngine  : Starting Servlet engine: [Apache Tomcat/9.0.62]
2022-05-10 11:58:02.165  INFO 17036 --- [main] o.a.c.c.C.[Tomcat].[localhost].[/]       : Initializing Spring embedded WebApplicationContext
2022-05-10 11:58:02.165  INFO 17036 --- [main] w.s.c.ServletWebServerApplicationContext : Root WebApplicationContext: initialization completed in 820 ms
2022-05-10 11:58:02.238  INFO 17036 --- [main] c.a.d.s.b.a.DruidDataSourceAutoConfigure : Init DruidDataSource
2022-05-10 11:58:02.334  INFO 17036 --- [main] com.alibaba.druid.pool.DruidDataSource   : {dataSource-1} inited
2022-05-10 11:58:02.773  WARN 17036 --- [main] ConfigServletWebServerApplicationContext : Exception encountered during context initialization - cancelling refresh attempt: org.springframework.beans.factory.BeanCreationException: Error creating bean with name 'cacheAutoConfigurationValidator' defined in class path resource [org/springframework/boot/autoconfigure/cache/CacheAutoConfiguration.class]: Invocation of init method failed; nested exception is java.lang.IllegalArgumentException: No cache manager could be auto-configured, check your configuration (caching type is 'EHCACHE')
2022-05-10 11:58:02.774  INFO 17036 --- [main] com.alibaba.druid.pool.DruidDataSource   : {dataSource-1} closing ...
2022-05-10 11:58:02.775  INFO 17036 --- [main] com.alibaba.druid.pool.DruidDataSource   : {dataSource-1} closed
2022-05-10 11:58:02.777  INFO 17036 --- [main] o.apache.catalina.core.StandardService   : Stopping service [Tomcat]
2022-05-10 11:58:02.788  INFO 17036 --- [main] ConditionEvaluationReportLoggingListener : 

Error starting ApplicationContext. To display the conditions report re-run your application with 'debug' enabled.
2022-05-10 11:58:02.804 ERROR 17036 --- [main] o.s.boot.SpringApplication               : Application run failed

org.springframework.beans.factory.BeanCreationException: Error creating bean with name 'cacheAutoConfigurationValidator' defined in class path resource [org/springframework/boot/autoconfigure/cache/CacheAutoConfiguration.class]: Invocation of init method failed; nested exception is java.lang.IllegalArgumentException: No cache manager could be auto-configured, check your configuration (caching type is 'EHCACHE')
	at org.springframework.beans.factory.support.AbstractAutowireCapableBeanFactory.initializeBean(AbstractAutowireCapableBeanFactory.java:1804) ~[spring-beans-5.3.19.jar:5.3.19]
	at org.springframework.beans.factory.support.AbstractAutowireCapableBeanFactory.doCreateBean(AbstractAutowireCapableBeanFactory.java:620) ~[spring-beans-5.3.19.jar:5.3.19]
	at org.springframework.beans.factory.support.AbstractAutowireCapableBeanFactory.createBean(AbstractAutowireCapableBeanFactory.java:542) ~[spring-beans-5.3.19.jar:5.3.19]
	at org.springframework.beans.factory.support.AbstractBeanFactory.lambda$doGetBean$0(AbstractBeanFactory.java:335) ~[spring-beans-5.3.19.jar:5.3.19]
	at org.springframework.beans.factory.support.DefaultSingletonBeanRegistry.getSingleton(DefaultSingletonBeanRegistry.java:234) ~[spring-beans-5.3.19.jar:5.3.19]
	at org.springframework.beans.factory.support.AbstractBeanFactory.doGetBean(AbstractBeanFactory.java:333) ~[spring-beans-5.3.19.jar:5.3.19]
	at org.springframework.beans.factory.support.AbstractBeanFactory.getBean(AbstractBeanFactory.java:208) ~[spring-beans-5.3.19.jar:5.3.19]
	at org.springframework.beans.factory.support.DefaultListableBeanFactory.preInstantiateSingletons(DefaultListableBeanFactory.java:953) ~[spring-beans-5.3.19.jar:5.3.19]
	at org.springframework.context.support.AbstractApplicationContext.finishBeanFactoryInitialization(AbstractApplicationContext.java:918) ~[spring-context-5.3.19.jar:5.3.19]
	at org.springframework.context.support.AbstractApplicationContext.refresh(AbstractApplicationContext.java:583) ~[spring-context-5.3.19.jar:5.3.19]
	at org.springframework.boot.web.servlet.context.ServletWebServerApplicationContext.refresh(ServletWebServerApplicationContext.java:145) ~[spring-boot-2.6.7.jar:2.6.7]
	at org.springframework.boot.SpringApplication.refresh(SpringApplication.java:740) ~[spring-boot-2.6.7.jar:2.6.7]
	at org.springframework.boot.SpringApplication.refreshContext(SpringApplication.java:415) ~[spring-boot-2.6.7.jar:2.6.7]
	at org.springframework.boot.SpringApplication.run(SpringApplication.java:303) ~[spring-boot-2.6.7.jar:2.6.7]
	at org.springframework.boot.SpringApplication.run(SpringApplication.java:1312) ~[spring-boot-2.6.7.jar:2.6.7]
	at org.springframework.boot.SpringApplication.run(SpringApplication.java:1301) ~[spring-boot-2.6.7.jar:2.6.7]
	at mao.spring_boot_ehcache.SpringBootEhcacheApplication.main(SpringBootEhcacheApplication.java:14) ~[classes/:na]
Caused by: java.lang.IllegalArgumentException: No cache manager could be auto-configured, check your configuration (caching type is 'EHCACHE')
	at org.springframework.util.Assert.notNull(Assert.java:219) ~[spring-core-5.3.19.jar:5.3.19]
	at org.springframework.boot.autoconfigure.cache.CacheAutoConfiguration$CacheManagerValidator.afterPropertiesSet(CacheAutoConfiguration.java:109) ~[spring-boot-autoconfigure-2.6.7.jar:2.6.7]
	at org.springframework.beans.factory.support.AbstractAutowireCapableBeanFactory.invokeInitMethods(AbstractAutowireCapableBeanFactory.java:1863) ~[spring-beans-5.3.19.jar:5.3.19]
	at org.springframework.beans.factory.support.AbstractAutowireCapableBeanFactory.initializeBean(AbstractAutowireCapableBeanFactory.java:1800) ~[spring-beans-5.3.19.jar:5.3.19]
	... 16 common frames omitted

2022-05-10 11:58:19.070  INFO 19552 --- [main] m.s.SpringBootEhcacheApplication         : Starting SpringBootEhcacheApplication using Java 16.0.2 on mao with PID 19552 (H:\程序\大三下期\spring_boot_ehcache\target\classes started by mao in H:\程序\大三下期\spring_boot_ehcache)
2022-05-10 11:58:19.076 DEBUG 19552 --- [main] m.s.SpringBootEhcacheApplication         : Running with Spring Boot v2.6.7, Spring v5.3.19
2022-05-10 11:58:19.076  INFO 19552 --- [main] m.s.SpringBootEhcacheApplication         : The following 1 profile is active: "dev"
2022-05-10 11:58:19.876  INFO 19552 --- [main] o.s.b.w.embedded.tomcat.TomcatWebServer  : Tomcat initialized with port(s): 8080 (http)
2022-05-10 11:58:19.883  INFO 19552 --- [main] o.apache.catalina.core.StandardService   : Starting service [Tomcat]
2022-05-10 11:58:19.883  INFO 19552 --- [main] org.apache.catalina.core.StandardEngine  : Starting Servlet engine: [Apache Tomcat/9.0.62]
2022-05-10 11:58:19.964  INFO 19552 --- [main] o.a.c.c.C.[Tomcat].[localhost].[/]       : Initializing Spring embedded WebApplicationContext
2022-05-10 11:58:19.964  INFO 19552 --- [main] w.s.c.ServletWebServerApplicationContext : Root WebApplicationContext: initialization completed in 855 ms
2022-05-10 11:58:20.037  INFO 19552 --- [main] c.a.d.s.b.a.DruidDataSourceAutoConfigure : Init DruidDataSource
2022-05-10 11:58:20.134  INFO 19552 --- [main] com.alibaba.druid.pool.DruidDataSource   : {dataSource-1} inited
2022-05-10 11:58:20.600  WARN 19552 --- [main] ConfigServletWebServerApplicationContext : Exception encountered during context initialization - cancelling refresh attempt: org.springframework.beans.factory.BeanCreationException: Error creating bean with name 'cacheAutoConfigurationValidator' defined in class path resource [org/springframework/boot/autoconfigure/cache/CacheAutoConfiguration.class]: Invocation of init method failed; nested exception is java.lang.IllegalArgumentException: No cache manager could be auto-configured, check your configuration (caching type is 'EHCACHE')
2022-05-10 11:58:20.601  INFO 19552 --- [main] com.alibaba.druid.pool.DruidDataSource   : {dataSource-1} closing ...
2022-05-10 11:58:20.602  INFO 19552 --- [main] com.alibaba.druid.pool.DruidDataSource   : {dataSource-1} closed
2022-05-10 11:58:20.605  INFO 19552 --- [main] o.apache.catalina.core.StandardService   : Stopping service [Tomcat]
2022-05-10 11:58:20.617  INFO 19552 --- [main] ConditionEvaluationReportLoggingListener : 

Error starting ApplicationContext. To display the conditions report re-run your application with 'debug' enabled.
