2022-05-10 11:58:20.633 ERROR 19552 --- [main] o.s.boot.SpringApplication               : Application run failed

org.springframework.beans.factory.BeanCreationException: Error creating bean with name 'cacheAutoConfigurationValidator' defined in class path resource [org/springframework/boot/autoconfigure/cache/CacheAutoConfiguration.class]: Invocation of init method failed; nested exception is java.lang.IllegalArgumentException: No cache manager could be auto-configured, check your configuration (caching type is 'EHCACHE')
	at org.springframework.beans.factory.support.AbstractAutowireCapableBeanFactory.initializeBean(AbstractAutowireCapableBeanFactory.java:1804) ~[spring-beans-5.3.19.jar:5.3.19]
	at org.springframework.beans.factory.support.AbstractAutowireCapableBeanFactory.doCreateBean(AbstractAutowireCapableBeanFactory.java:620) ~[spring-beans-5.3.19.jar:5.3.19]
	at org.springframework.beans.factory.support.AbstractAutowireCapableBeanFactory.createBean(AbstractAutowireCapableBeanFactory.java:542) ~[spring-beans-5.3.19.jar:5.3.19]
	at org.springframework.beans.factory.support.AbstractBeanFactory.lambda$doGetBean$0(AbstractBeanFactory.java:335) ~[spring-beans-5.3.19.jar:5.3.19]
	at org.springframework.beans.factory.support.DefaultSingletonBeanRegistry.getSingleton(DefaultSingletonBeanRegistry.java:234) ~[spring-beans-5.3.19.jar:5.3.19]
	at org.springframework.beans.factory.support.AbstractBeanFactory.doGetBean(AbstractBeanFactory.java:333) ~[spring-beans-5.3.19.jar:5.3.19]
	at org.springframework.beans.factory.support.AbstractBeanFactory.getBean(AbstractBeanFactory.java:208) ~[spring-beans-5.3.19.jar:5.3.19]
	at org.springframework.beans.factory.support.DefaultListableBeanFactory.preInstantiateSingletons(DefaultListableBeanFactory.java:953) ~[spring-beans-5.3.19.jar:5.3.19]
	at org.springframework.context.support.AbstractApplicationContext.finishBeanFactoryInitialization(AbstractApplicationContext.java:918) ~[spring-context-5.3.19.jar:5.3.19]
	at org.springframework.context.support.AbstractApplicationContext.refresh(AbstractApplicationContext.java:583) ~[spring-context-5.3.19.jar:5.3.19]
	at org.springframework.boot.web.servlet.context.ServletWebServerApplicationContext.refresh(ServletWebServerApplicationContext.java:145) ~[spring-boot-2.6.7.jar:2.6.7]
	at org.springframework.boot.SpringApplication.refresh(SpringApplication.java:740) ~[spring-boot-2.6.7.jar:2.6.7]
	at org.springframework.boot.SpringApplication.refreshContext(SpringApplication.java:415) ~[spring-boot-2.6.7.jar:2.6.7]
	at org.springframework.boot.SpringApplication.run(SpringApplication.java:303) ~[spring-boot-2.6.7.jar:2.6.7]
	at org.springframework.boot.SpringApplication.run(SpringApplication.java:1312) ~[spring-boot-2.6.7.jar:2.6.7]
	at org.springframework.boot.SpringApplication.run(SpringApplication.java:1301) ~[spring-boot-2.6.7.jar:2.6.7]
	at mao.spring_boot_ehcache.SpringBootEhcacheApplication.main(SpringBootEhcacheApplication.java:14) ~[classes/:na]
Caused by: java.lang.IllegalArgumentException: No cache manager could be auto-configured, check your configuration (caching type is 'EHCACHE')
	at org.springframework.util.Assert.notNull(Assert.java:219) ~[spring-core-5.3.19.jar:5.3.19]
	at org.springframework.boot.autoconfigure.cache.CacheAutoConfiguration$CacheManagerValidator.afterPropertiesSet(CacheAutoConfiguration.java:109) ~[spring-boot-autoconfigure-2.6.7.jar:2.6.7]
	at org.springframework.beans.factory.support.AbstractAutowireCapableBeanFactory.invokeInitMethods(AbstractAutowireCapableBeanFactory.java:1863) ~[spring-beans-5.3.19.jar:5.3.19]
	at org.springframework.beans.factory.support.AbstractAutowireCapableBeanFactory.initializeBean(AbstractAutowireCapableBeanFactory.java:1800) ~[spring-beans-5.3.19.jar:5.3.19]
	... 16 common frames omitted

2022-05-10 11:59:39.108  INFO 20424 --- [main] m.s.SpringBootEhcacheApplication         : Starting SpringBootEhcacheApplication using Java 16.0.2 on mao with PID 20424 (H:\程序\大三下期\spring_boot_ehcache\target\classes started by mao in H:\程序\大三下期\spring_boot_ehcache)
2022-05-10 11:59:39.110 DEBUG 20424 --- [main] m.s.SpringBootEhcacheApplication         : Running with Spring Boot v2.6.7, Spring v5.3.19
2022-05-10 11:59:39.114  INFO 20424 --- [main] m.s.SpringBootEhcacheApplication         : The following 1 profile is active: "dev"
2022-05-10 11:59:39.899  INFO 20424 --- [main] o.s.b.w.embedded.tomcat.TomcatWebServer  : Tomcat initialized with port(s): 8080 (http)
2022-05-10 11:59:39.906  INFO 20424 --- [main] o.apache.catalina.core.StandardService   : Starting service [Tomcat]
2022-05-10 11:59:39.907  INFO 20424 --- [main] org.apache.catalina.core.StandardEngine  : Starting Servlet engine: [Apache Tomcat/9.0.62]
2022-05-10 11:59:39.983  INFO 20424 --- [main] o.a.c.c.C.[Tomcat].[localhost].[/]       : Initializing Spring embedded WebApplicationContext
2022-05-10 11:59:39.984  INFO 20424 --- [main] w.s.c.ServletWebServerApplicationContext : Root WebApplicationContext: initialization completed in 837 ms
2022-05-10 11:59:40.052  INFO 20424 --- [main] c.a.d.s.b.a.DruidDataSourceAutoConfigure : Init DruidDataSource
2022-05-10 11:59:40.149  INFO 20424 --- [main] com.alibaba.druid.pool.DruidDataSource   : {dataSource-1} inited
2022-05-10 11:59:40.576  WARN 20424 --- [main] ConfigServletWebServerApplicationContext : Exception encountered during context initialization - cancelling refresh attempt: org.springframework.beans.factory.BeanCreationException: Error creating bean with name 'cacheAutoConfigurationValidator' defined in class path resource [org/springframework/boot/autoconfigure/cache/CacheAutoConfiguration.class]: Invocation of init method failed; nested exception is java.lang.IllegalArgumentException: No cache manager could be auto-configured, check your configuration (caching type is 'EHCACHE')
2022-05-10 11:59:40.577  INFO 20424 --- [main] com.alibaba.druid.pool.DruidDataSource   : {dataSource-1} closing ...
2022-05-10 11:59:40.578  INFO 20424 --- [main] com.alibaba.druid.pool.DruidDataSource   : {dataSource-1} closed
2022-05-10 11:59:40.580  INFO 20424 --- [main] o.apache.catalina.core.StandardService   : Stopping service [Tomcat]
2022-05-10 11:59:40.592  INFO 20424 --- [main] ConditionEvaluationReportLoggingListener : 

Error starting ApplicationContext. To display the conditions report re-run your application with 'debug' enabled.
2022-05-10 11:59:40.607 ERROR 20424 --- [main] o.s.boot.SpringApplication               : Application run failed

org.springframework.beans.factory.BeanCreationException: Error creating bean with name 'cacheAutoConfigurationValidator' defined in class path resource [org/springframework/boot/autoconfigure/cache/CacheAutoConfiguration.class]: Invocation of init method failed; nested exception is java.lang.IllegalArgumentException: No cache manager could be auto-configured, check your configuration (caching type is 'EHCACHE')
	at org.springframework.beans.factory.support.AbstractAutowireCapableBeanFactory.initializeBean(AbstractAutowireCapableBeanFactory.java:1804) ~[spring-beans-5.3.19.jar:5.3.19]
	at org.springframework.beans.factory.support.AbstractAutowireCapableBeanFactory.doCreateBean(AbstractAutowireCapableBeanFactory.java:620) ~[spring-beans-5.3.19.jar:5.3.19]
	at org.springframework.beans.factory.support.AbstractAutowireCapableBeanFactory.createBean(AbstractAutowireCapableBeanFactory.java:542) ~[spring-beans-5.3.19.jar:5.3.19]
	at org.springframework.beans.factory.support.AbstractBeanFactory.lambda$doGetBean$0(AbstractBeanFactory.java:335) ~[spring-beans-5.3.19.jar:5.3.19]
	at org.springframework.beans.factory.support.DefaultSingletonBeanRegistry.getSingleton(DefaultSingletonBeanRegistry.java:234) ~[spring-beans-5.3.19.jar:5.3.19]
	at org.springframework.beans.factory.support.AbstractBeanFactory.doGetBean(AbstractBeanFactory.java:333) ~[spring-beans-5.3.19.jar:5.3.19]
	at org.springframework.beans.factory.support.AbstractBeanFactory.getBean(AbstractBeanFactory.java:208) ~[spring-beans-5.3.19.jar:5.3.19]
	at org.springframework.beans.factory.support.DefaultListableBeanFactory.preInstantiateSingletons(DefaultListableBeanFactory.java:953) ~[spring-beans-5.3.19.jar:5.3.19]
	at org.springframework.context.support.AbstractApplicationContext.finishBeanFactoryInitialization(AbstractApplicationContext.java:918) ~[spring-context-5.3.19.jar:5.3.19]
	at org.springframework.context.support.AbstractApplicationContext.refresh(AbstractApplicationContext.java:583) ~[spring-context-5.3.19.jar:5.3.19]
	at org.springframework.boot.web.servlet.context.ServletWebServerApplicationContext.refresh(ServletWebServerApplicationContext.java:145) ~[spring-boot-2.6.7.jar:2.6.7]
	at org.springframework.boot.SpringApplication.refresh(SpringApplication.java:740) ~[spring-boot-2.6.7.jar:2.6.7]
	at org.springframework.boot.SpringApplication.refreshContext(SpringApplication.java:415) ~[spring-boot-2.6.7.jar:2.6.7]
	at org.springframework.boot.SpringApplication.run(SpringApplication.java:303) ~[spring-boot-2.6.7.jar:2.6.7]
	at org.springframework.boot.SpringApplication.run(SpringApplication.java:1312) ~[spring-boot-2.6.7.jar:2.6.7]
	at org.springframework.boot.SpringApplication.run(SpringApplication.java:1301) ~[spring-boot-2.6.7.jar:2.6.7]
	at mao.spring_boot_ehcache.SpringBootEhcacheApplication.main(SpringBootEhcacheApplication.java:14) ~[classes/:na]
Caused by: java.lang.IllegalArgumentException: No cache manager could be auto-configured, check your configuration (caching type is 'EHCACHE')
	at org.springframework.util.Assert.notNull(Assert.java:219) ~[spring-core-5.3.19.jar:5.3.19]
	at org.springframework.boot.autoconfigure.cache.CacheAutoConfiguration$CacheManagerValidator.afterPropertiesSet(CacheAutoConfiguration.java:109) ~[spring-boot-autoconfigure-2.6.7.jar:2.6.7]
	at org.springframework.beans.factory.support.AbstractAutowireCapableBeanFactory.invokeInitMethods(AbstractAutowireCapableBeanFactory.java:1863) ~[spring-beans-5.3.19.jar:5.3.19]
	at org.springframework.beans.factory.support.AbstractAutowireCapableBeanFactory.initializeBean(AbstractAutowireCapableBeanFactory.java:1800) ~[spring-beans-5.3.19.jar:5.3.19]
	... 16 common frames omitted

2022-05-10 12:00:00.360  INFO 5516 --- [main] m.s.SpringBootEhcacheApplication         : Starting SpringBootEhcacheApplication using Java 16.0.2 on mao with PID 5516 (H:\程序\大三下期\spring_boot_ehcache\target\classes started by mao in H:\程序\大三下期\spring_boot_ehcache)
2022-05-10 12:00:00.362 DEBUG 5516 --- [main] m.s.SpringBootEhcacheApplication         : Running with Spring Boot v2.6.7, Spring v5.3.19
2022-05-10 12:00:00.362  INFO 5516 --- [main] m.s.SpringBootEhcacheApplication         : The following 1 profile is active: "dev"
2022-05-10 12:00:01.149  INFO 5516 --- [main] o.s.b.w.embedded.tomcat.TomcatWebServer  : Tomcat initialized with port(s): 8080 (http)
2022-05-10 12:00:01.156  INFO 5516 --- [main] o.apache.catalina.core.StandardService   : Starting service [Tomcat]
2022-05-10 12:00:01.156  INFO 5516 --- [main] org.apache.catalina.core.StandardEngine  : Starting Servlet engine: [Apache Tomcat/9.0.62]
2022-05-10 12:00:01.241  INFO 5516 --- [main] o.a.c.c.C.[Tomcat].[localhost].[/]       : Initializing Spring embedded WebApplicationContext
2022-05-10 12:00:01.241  INFO 5516 --- [main] w.s.c.ServletWebServerApplicationContext : Root WebApplicationContext: initialization completed in 844 ms
2022-05-10 12:00:01.317  INFO 5516 --- [main] c.a.d.s.b.a.DruidDataSourceAutoConfigure : Init DruidDataSource
2022-05-10 12:00:01.410  INFO 5516 --- [main] com.alibaba.druid.pool.DruidDataSource   : {dataSource-1} inited
2022-05-10 12:00:01.854  WARN 5516 --- [main] ConfigServletWebServerApplicationContext : Exception encountered during context initialization - cancelling refresh attempt: org.springframework.beans.factory.BeanCreationException: Error creating bean with name 'cacheAutoConfigurationValidator' defined in class path resource [org/springframework/boot/autoconfigure/cache/CacheAutoConfiguration.class]: Invocation of init method failed; nested exception is java.lang.IllegalArgumentException: No cache manager could be auto-configured, check your configuration (caching type is 'EHCACHE')
2022-05-10 12:00:01.855  INFO 5516 --- [main] com.alibaba.druid.pool.DruidDataSource   : {dataSource-1} closing ...
2022-05-10 12:00:01.856  INFO 5516 --- [main] com.alibaba.druid.pool.DruidDataSource   : {dataSource-1} closed
2022-05-10 12:00:01.858  INFO 5516 --- [main] o.apache.catalina.core.StandardService   : Stopping service [Tomcat]
2022-05-10 12:00:01.870  INFO 5516 --- [main] ConditionEvaluationReportLoggingListener : 

Error starting ApplicationContext. To display the conditions report re-run your application with 'debug' enabled.
2022-05-10 12:00:01.885 ERROR 5516 --- [main] o.s.boot.SpringApplication               : Application run failed

org.springframework.beans.factory.BeanCreationException: Error creating bean with name 'cacheAutoConfigurationValidator' defined in class path resource [org/springframework/boot/autoconfigure/cache/CacheAutoConfiguration.class]: Invocation of init method failed; nested exception is java.lang.IllegalArgumentException: No cache manager could be auto-configured, check your configuration (caching type is 'EHCACHE')
	at org.springframework.beans.factory.support.AbstractAutowireCapableBeanFactory.initializeBean(AbstractAutowireCapableBeanFactory.java:1804) ~[spring-beans-5.3.19.jar:5.3.19]
	at org.springframework.beans.factory.support.AbstractAutowireCapableBeanFactory.doCreateBean(AbstractAutowireCapableBeanFactory.java:620) ~[spring-beans-5.3.19.jar:5.3.19]
	at org.springframework.beans.factory.support.AbstractAutowireCapableBeanFactory.createBean(AbstractAutowireCapableBeanFactory.java:542) ~[spring-beans-5.3.19.jar:5.3.19]
	at org.springframework.beans.factory.support.AbstractBeanFactory.lambda$doGetBean$0(AbstractBeanFactory.java:335) ~[spring-beans-5.3.19.jar:5.3.19]
	at org.springframework.beans.factory.support.DefaultSingletonBeanRegistry.getSingleton(DefaultSingletonBeanRegistry.java:234) ~[spring-beans-5.3.19.jar:5.3.19]
	at org.springframework.beans.factory.support.AbstractBeanFactory.doGetBean(AbstractBeanFactory.java:333) ~[spring-beans-5.3.19.jar:5.3.19]
	at org.springframework.beans.factory.support.AbstractBeanFactory.getBean(AbstractBeanFactory.java:208) ~[spring-beans-5.3.19.jar:5.3.19]
	at org.springframework.beans.factory.support.DefaultListableBeanFactory.preInstantiateSingletons(DefaultListableBeanFactory.java:953) ~[spring-beans-5.3.19.jar:5.3.19]
	at org.springframework.context.support.AbstractApplicationContext.finishBeanFactoryInitialization(AbstractApplicationContext.java:918) ~[spring-context-5.3.19.jar:5.3.19]
	at org.springframework.context.support.AbstractApplicationContext.refresh(AbstractApplicationContext.java:583) ~[spring-context-5.3.19.jar:5.3.19]
	at org.springframework.boot.web.servlet.context.ServletWebServerApplicationContext.refresh(ServletWebServerApplicationContext.java:145) ~[spring-boot-2.6.7.jar:2.6.7]
	at org.springframework.boot.SpringApplication.refresh(SpringApplication.java:740) ~[spring-boot-2.6.7.jar:2.6.7]
	at org.springframework.boot.SpringApplication.refreshContext(SpringApplication.java:415) ~[spring-boot-2.6.7.jar:2.6.7]
	at org.springframework.boot.SpringApplication.run(SpringApplication.java:303) ~[spring-boot-2.6.7.jar:2.6.7]
	at org.springframework.boot.SpringApplication.run(SpringApplication.java:1312) ~[spring-boot-2.6.7.jar:2.6.7]
	at org.springframework.boot.SpringApplication.run(SpringApplication.java:1301) ~[spring-boot-2.6.7.jar:2.6.7]
	at mao.spring_boot_ehcache.SpringBootEhcacheApplication.main(SpringBootEhcacheApplication.java:14) ~[classes/:na]
Caused by: java.lang.IllegalArgumentException: No cache manager could be auto-configured, check your configuration (caching type is 'EHCACHE')
	at org.springframework.util.Assert.notNull(Assert.java:219) ~[spring-core-5.3.19.jar:5.3.19]
	at org.springframework.boot.autoconfigure.cache.CacheAutoConfiguration$CacheManagerValidator.afterPropertiesSet(CacheAutoConfiguration.java:109) ~[spring-boot-autoconfigure-2.6.7.jar:2.6.7]
	at org.springframework.beans.factory.support.AbstractAutowireCapableBeanFactory.invokeInitMethods(AbstractAutowireCapableBeanFactory.java:1863) ~[spring-beans-5.3.19.jar:5.3.19]
	at org.springframework.beans.factory.support.AbstractAutowireCapableBeanFactory.initializeBean(AbstractAutowireCapableBeanFactory.java:1800) ~[spring-beans-5.3.19.jar:5.3.19]
	... 16 common frames omitted

2022-05-10 12:00:44.597  INFO 6840 --- [main] m.s.SpringBootEhcacheApplication         : Starting SpringBootEhcacheApplication using Java 16.0.2 on mao with PID 6840 (H:\程序\大三下期\spring_boot_ehcache\target\classes started by mao in H:\程序\大三下期\spring_boot_ehcache)
2022-05-10 12:00:44.599 DEBUG 6840 --- [main] m.s.SpringBootEhcacheApplication         : Running with Spring Boot v2.6.7, Spring v5.3.19
2022-05-10 12:00:44.600  INFO 6840 --- [main] m.s.SpringBootEhcacheApplication         : The following 1 profile is active: "dev"
